This is pdfTeX, Version 3.141592653-2.6-1.40.27 (TeX Live 2026/dev/Arch Linux) (preloaded format=pdflatex 2025.6.27)  4 JUL 2025 15:27
entering extended mode
 restricted \write18 enabled.
 file:line:error style messages enabled.
 %&-line parsing enabled.
**/home/elisha/projects/latex-thesis/chapters/intro.tex
(/home/elisha/projects/latex-thesis/chapters/intro.tex
LaTeX2e <2024-11-01> patch level 2
L3 programming layer <2025-01-18>
/home/elisha/projects/latex-thesis/chapters/intro.tex:1: Undefined control sequence.
l.1 \chapter
            {Introduction}
The control sequence at the end of the top line
of your error message was never \def'ed. If you have
misspelled it (e.g., `\hobx'), type `I' and the correct
spelling (e.g., `I\hbox'). Otherwise just continue,
and I'll forget about whatever was undefined.


/home/elisha/projects/latex-thesis/chapters/intro.tex:1: LaTeX Error: Missing \begin{document}.

See the LaTeX manual or LaTeX Companion for explanation.
Type  H <return>  for immediate help.
 ...                                              
                                                  
l.1 \chapter{I
              ntroduction}
You're in trouble here.  Try typing  <return>  to proceed.
If that doesn't work, type  X <return>  to quit.

Missing character: There is no I in font nullfont!
Missing character: There is no n in font nullfont!
Missing character: There is no t in font nullfont!
Missing character: There is no r in font nullfont!
Missing character: There is no o in font nullfont!
Missing character: There is no d in font nullfont!
Missing character: There is no u in font nullfont!
Missing character: There is no c in font nullfont!
Missing character: There is no t in font nullfont!
Missing character: There is no i in font nullfont!
Missing character: There is no o in font nullfont!
Missing character: There is no n in font nullfont!

/home/elisha/projects/latex-thesis/chapters/intro.tex:2: LaTeX Error: Unicode character ‡¶è (U+098F)
               not set up for use with LaTeX.

See the LaTeX manual or LaTeX Companion for explanation.
Type  H <return>  for immediate help.
 ...                                              
                                                  
l.2 ‡¶è
       ‡¶ü‡¶ø ‡¶è‡¶ï‡¶ü‡¶ø ‡¶¨‡¶æ‡¶Ç‡¶≤‡¶æ ‡¶¨‡¶æ‡¶ï‡ßç‡¶Ø‡•§ % This is a Ba...
You may provide a definition with
\DeclareUnicodeCharacter 


/home/elisha/projects/latex-thesis/chapters/intro.tex:2: LaTeX Error: Unicode character ‡¶ü (U+099F)
               not set up for use with LaTeX.

See the LaTeX manual or LaTeX Companion for explanation.
Type  H <return>  for immediate help.
 ...                                              
                                                  
l.2 ‡¶è‡¶ü
          ‡¶ø ‡¶è‡¶ï‡¶ü‡¶ø ‡¶¨‡¶æ‡¶Ç‡¶≤‡¶æ ‡¶¨‡¶æ‡¶ï‡ßç‡¶Ø‡•§ % This is a Ba...
You may provide a definition with
\DeclareUnicodeCharacter 


/home/elisha/projects/latex-thesis/chapters/intro.tex:2: LaTeX Error: Unicode character ‡¶ø (U+09BF)
               not set up for use with LaTeX.

See the LaTeX manual or LaTeX Companion for explanation.
Type  H <return>  for immediate help.
 ...                                              
                                                  
l.2 ‡¶è‡¶ü‡¶ø
              ‡¶è‡¶ï‡¶ü‡¶ø ‡¶¨‡¶æ‡¶Ç‡¶≤‡¶æ ‡¶¨‡¶æ‡¶ï‡ßç‡¶Ø‡•§ % This is a Ba...
You may provide a definition with
\DeclareUnicodeCharacter 


/home/elisha/projects/latex-thesis/chapters/intro.tex:2: LaTeX Error: Unicode character ‡¶è (U+098F)
               not set up for use with LaTeX.

See the LaTeX manual or LaTeX Companion for explanation.
Type  H <return>  for immediate help.
 ...                                              
                                                  
l.2 ‡¶è‡¶ü‡¶ø ‡¶è
                 ‡¶ï‡¶ü‡¶ø ‡¶¨‡¶æ‡¶Ç‡¶≤‡¶æ ‡¶¨‡¶æ‡¶ï‡ßç‡¶Ø‡•§ % This is a Ba...
You may provide a definition with
\DeclareUnicodeCharacter 


/home/elisha/projects/latex-thesis/chapters/intro.tex:2: LaTeX Error: Unicode character ‡¶ï (U+0995)
               not set up for use with LaTeX.

See the LaTeX manual or LaTeX Companion for explanation.
Type  H <return>  for immediate help.
 ...                                              
                                                  
l.2 ‡¶è‡¶ü‡¶ø ‡¶è‡¶ï
                    ‡¶ü‡¶ø ‡¶¨‡¶æ‡¶Ç‡¶≤‡¶æ ‡¶¨‡¶æ‡¶ï‡ßç‡¶Ø‡•§ % This is a Ba...
You may provide a definition with
\DeclareUnicodeCharacter 


/home/elisha/projects/latex-thesis/chapters/intro.tex:2: LaTeX Error: Unicode character ‡¶ü (U+099F)
               not set up for use with LaTeX.

See the LaTeX manual or LaTeX Companion for explanation.
Type  H <return>  for immediate help.
 ...                                              
                                                  
l.2 ‡¶è‡¶ü‡¶ø ‡¶è‡¶ï‡¶ü
                       ‡¶ø ‡¶¨‡¶æ‡¶Ç‡¶≤‡¶æ ‡¶¨‡¶æ‡¶ï‡ßç‡¶Ø‡•§ % This is a Ba...
You may provide a definition with
\DeclareUnicodeCharacter 


/home/elisha/projects/latex-thesis/chapters/intro.tex:2: LaTeX Error: Unicode character ‡¶ø (U+09BF)
               not set up for use with LaTeX.

See the LaTeX manual or LaTeX Companion for explanation.
Type  H <return>  for immediate help.
 ...                                              
                                                  
l.2 ‡¶è‡¶ü‡¶ø ‡¶è‡¶ï‡¶ü‡¶ø
                           ‡¶¨‡¶æ‡¶Ç‡¶≤‡¶æ ‡¶¨‡¶æ‡¶ï‡ßç‡¶Ø‡•§ % This is a Ba...
You may provide a definition with
\DeclareUnicodeCharacter 


/home/elisha/projects/latex-thesis/chapters/intro.tex:2: LaTeX Error: Unicode character ‡¶¨ (U+09AC)
               not set up for use with LaTeX.

See the LaTeX manual or LaTeX Companion for explanation.
Type  H <return>  for immediate help.
 ...                                              
                                                  
l.2 ‡¶è‡¶ü‡¶ø ‡¶è‡¶ï‡¶ü‡¶ø ‡¶¨
                              ‡¶æ‡¶Ç‡¶≤‡¶æ ‡¶¨‡¶æ‡¶ï‡ßç‡¶Ø‡•§ % This is a Ba...
You may provide a definition with
\DeclareUnicodeCharacter 


/home/elisha/projects/latex-thesis/chapters/intro.tex:2: LaTeX Error: Unicode character ‡¶æ (U+09BE)
               not set up for use with LaTeX.

See the LaTeX manual or LaTeX Companion for explanation.
Type  H <return>  for immediate help.
 ...                                              
                                                  
l.2 ‡¶è‡¶ü‡¶ø ‡¶è‡¶ï‡¶ü‡¶ø ‡¶¨‡¶æ
                                 ‡¶Ç‡¶≤‡¶æ ‡¶¨‡¶æ‡¶ï‡ßç‡¶Ø‡•§ % This is a Ba...
You may provide a definition with
\DeclareUnicodeCharacter 


/home/elisha/projects/latex-thesis/chapters/intro.tex:2: LaTeX Error: Unicode character ‡¶Ç (U+0982)
               not set up for use with LaTeX.

See the LaTeX manual or LaTeX Companion for explanation.
Type  H <return>  for immediate help.
 ...                                              
                                                  
l.2 ‡¶è‡¶ü‡¶ø ‡¶è‡¶ï‡¶ü‡¶ø ‡¶¨‡¶æ‡¶Ç
                                    ‡¶≤‡¶æ ‡¶¨‡¶æ‡¶ï‡ßç‡¶Ø‡•§ % This is a Ba...
You may provide a definition with
\DeclareUnicodeCharacter 


/home/elisha/projects/latex-thesis/chapters/intro.tex:2: LaTeX Error: Unicode character ‡¶≤ (U+09B2)
               not set up for use with LaTeX.

See the LaTeX manual or LaTeX Companion for explanation.
Type  H <return>  for immediate help.
 ...                                              
                                                  
l.2 ‡¶è‡¶ü‡¶ø ‡¶è‡¶ï‡¶ü‡¶ø ‡¶¨‡¶æ‡¶Ç‡¶≤
                                       ‡¶æ ‡¶¨‡¶æ‡¶ï‡ßç‡¶Ø‡•§ % This is a Ba...
You may provide a definition with
\DeclareUnicodeCharacter 


/home/elisha/projects/latex-thesis/chapters/intro.tex:2: LaTeX Error: Unicode character ‡¶æ (U+09BE)
               not set up for use with LaTeX.

See the LaTeX manual or LaTeX Companion for explanation.
Type  H <return>  for immediate help.
 ...                                              
                                                  
l.2 ‡¶è‡¶ü‡¶ø ‡¶è‡¶ï‡¶ü‡¶ø ‡¶¨‡¶æ‡¶Ç‡¶≤‡¶æ
                                           ‡¶¨‡¶æ‡¶ï‡ßç‡¶Ø‡•§ % This is a Ba...
You may provide a definition with
\DeclareUnicodeCharacter 


/home/elisha/projects/latex-thesis/chapters/intro.tex:2: LaTeX Error: Unicode character ‡¶¨ (U+09AC)
               not set up for use with LaTeX.

See the LaTeX manual or LaTeX Companion for explanation.
Type  H <return>  for immediate help.
 ...                                              
                                                  
l.2 ‡¶è‡¶ü‡¶ø ‡¶è‡¶ï‡¶ü‡¶ø ‡¶¨‡¶æ‡¶Ç‡¶≤‡¶æ ‡¶¨
                                              ‡¶æ‡¶ï‡ßç‡¶Ø‡•§ % This is a Ba...
You may provide a definition with
\DeclareUnicodeCharacter 


/home/elisha/projects/latex-thesis/chapters/intro.tex:2: LaTeX Error: Unicode character ‡¶æ (U+09BE)
               not set up for use with LaTeX.

See the LaTeX manual or LaTeX Companion for explanation.
Type  H <return>  for immediate help.
 ...                                              
                                                  
l.2 ‡¶è‡¶ü‡¶ø ‡¶è‡¶ï‡¶ü‡¶ø ‡¶¨‡¶æ‡¶Ç‡¶≤‡¶æ ‡¶¨‡¶æ
                                                 ‡¶ï‡ßç‡¶Ø‡•§ % This is a Ba...
You may provide a definition with
\DeclareUnicodeCharacter 


/home/elisha/projects/latex-thesis/chapters/intro.tex:2: LaTeX Error: Unicode character ‡¶ï (U+0995)
               not set up for use with LaTeX.

See the LaTeX manual or LaTeX Companion for explanation.
Type  H <return>  for immediate help.
 ...                                              
                                                  
l.2 ...ü‡¶ø ‡¶è‡¶ï‡¶ü‡¶ø ‡¶¨‡¶æ‡¶Ç‡¶≤‡¶æ ‡¶¨‡¶æ‡¶ï
                                                  ‡ßç‡¶Ø‡•§ % This is a Bang...
You may provide a definition with
\DeclareUnicodeCharacter 


/home/elisha/projects/latex-thesis/chapters/intro.tex:2: LaTeX Error: Unicode character ‡ßç (U+09CD)
               not set up for use with LaTeX.

See the LaTeX manual or LaTeX Companion for explanation.
Type  H <return>  for immediate help.
 ...                                              
                                                  
l.2 ...ø ‡¶è‡¶ï‡¶ü‡¶ø ‡¶¨‡¶æ‡¶Ç‡¶≤‡¶æ ‡¶¨‡¶æ‡¶ï‡ßç
                                                  ‡¶Ø‡•§ % This is a Bangla ...
You may provide a definition with
\DeclareUnicodeCharacter 


/home/elisha/projects/latex-thesis/chapters/intro.tex:2: LaTeX Error: Unicode character ‡¶Ø (U+09AF)
               not set up for use with LaTeX.

See the LaTeX manual or LaTeX Companion for explanation.
Type  H <return>  for immediate help.
 ...                                              
                                                  
l.2 ...¶è‡¶ï‡¶ü‡¶ø ‡¶¨‡¶æ‡¶Ç‡¶≤‡¶æ ‡¶¨‡¶æ‡¶ï‡ßç‡¶Ø
                                                  ‡•§ % This is a Bangla sen...
You may provide a definition with
\DeclareUnicodeCharacter 


/home/elisha/projects/latex-thesis/chapters/intro.tex:2: LaTeX Error: Unicode character ‡•§ (U+0964)
               not set up for use with LaTeX.

See the LaTeX manual or LaTeX Companion for explanation.
Type  H <return>  for immediate help.
 ...                                              
                                                  
l.2 ...¶ï‡¶ü‡¶ø ‡¶¨‡¶æ‡¶Ç‡¶≤‡¶æ ‡¶¨‡¶æ‡¶ï‡ßç‡¶Ø‡•§
                                                   % This is a Bangla sentence.
You may provide a definition with
\DeclareUnicodeCharacter 


Overfull \hbox (20.0pt too wide) in paragraph at lines 1--3
[]
 []

/home/elisha/projects/latex-thesis/chapters/intro.tex:4: Undefined control sequence.
l.4 \section
            {Background}
The control sequence at the end of the top line
of your error message was never \def'ed. If you have
misspelled it (e.g., `\hobx'), type `I' and the correct
spelling (e.g., `I\hbox'). Otherwise just continue,
and I'll forget about whatever was undefined.


/home/elisha/projects/latex-thesis/chapters/intro.tex:4: LaTeX Error: Missing \begin{document}.

See the LaTeX manual or LaTeX Companion for explanation.
Type  H <return>  for immediate help.
 ...                                              
                                                  
l.4 \section{B
              ackground}
You're in trouble here.  Try typing  <return>  to proceed.
If that doesn't work, type  X <return>  to quit.

Missing character: There is no B in font nullfont!
Missing character: There is no a in font nullfont!
Missing character: There is no c in font nullfont!
Missing character: There is no k in font nullfont!
Missing character: There is no g in font nullfont!
Missing character: There is no r in font nullfont!
Missing character: There is no o in font nullfont!
Missing character: There is no u in font nullfont!
Missing character: There is no n in font nullfont!
Missing character: There is no d in font nullfont!

/home/elisha/projects/latex-thesis/chapters/intro.tex:5: LaTeX Error: Unicode character ‡¶Ü (U+0986)
               not set up for use with LaTeX.

See the LaTeX manual or LaTeX Companion for explanation.
Type  H <return>  for immediate help.
 ...                                              
                                                  
l.5 ‡¶Ü
       ‡¶™‡¶®‡¶æ‡¶∞ ‡¶ó‡¶¨‡ßá‡¶∑‡¶£‡¶æ‡¶∞ ‡¶™‡ßç‡¶∞‡¶æ‡¶∏‡¶ô‡ßç‡¶ó‡¶ø‡¶ï ‡¶™...
You may provide a definition with
\DeclareUnicodeCharacter 


/home/elisha/projects/latex-thesis/chapters/intro.tex:5: LaTeX Error: Unicode character ‡¶™ (U+09AA)
               not set up for use with LaTeX.

See the LaTeX manual or LaTeX Companion for explanation.
Type  H <return>  for immediate help.
 ...                                              
                                                  
l.5 ‡¶Ü‡¶™
          ‡¶®‡¶æ‡¶∞ ‡¶ó‡¶¨‡ßá‡¶∑‡¶£‡¶æ‡¶∞ ‡¶™‡ßç‡¶∞‡¶æ‡¶∏‡¶ô‡ßç‡¶ó‡¶ø‡¶ï ‡¶™...
You may provide a definition with
\DeclareUnicodeCharacter 


/home/elisha/projects/latex-thesis/chapters/intro.tex:5: LaTeX Error: Unicode character ‡¶® (U+09A8)
               not set up for use with LaTeX.

See the LaTeX manual or LaTeX Companion for explanation.
Type  H <return>  for immediate help.
 ...                                              
                                                  
l.5 ‡¶Ü‡¶™‡¶®
             ‡¶æ‡¶∞ ‡¶ó‡¶¨‡ßá‡¶∑‡¶£‡¶æ‡¶∞ ‡¶™‡ßç‡¶∞‡¶æ‡¶∏‡¶ô‡ßç‡¶ó‡¶ø‡¶ï ‡¶™...
You may provide a definition with
\DeclareUnicodeCharacter 


/home/elisha/projects/latex-thesis/chapters/intro.tex:5: LaTeX Error: Unicode character ‡¶æ (U+09BE)
               not set up for use with LaTeX.

See the LaTeX manual or LaTeX Companion for explanation.
Type  H <return>  for immediate help.
 ...                                              
                                                  
l.5 ‡¶Ü‡¶™‡¶®‡¶æ
                ‡¶∞ ‡¶ó‡¶¨‡ßá‡¶∑‡¶£‡¶æ‡¶∞ ‡¶™‡ßç‡¶∞‡¶æ‡¶∏‡¶ô‡ßç‡¶ó‡¶ø‡¶ï ‡¶™...
You may provide a definition with
\DeclareUnicodeCharacter 


/home/elisha/projects/latex-thesis/chapters/intro.tex:5: LaTeX Error: Unicode character ‡¶∞ (U+09B0)
               not set up for use with LaTeX.

See the LaTeX manual or LaTeX Companion for explanation.
Type  H <return>  for immediate help.
 ...                                              
                                                  
l.5 ‡¶Ü‡¶™‡¶®‡¶æ‡¶∞
                    ‡¶ó‡¶¨‡ßá‡¶∑‡¶£‡¶æ‡¶∞ ‡¶™‡ßç‡¶∞‡¶æ‡¶∏‡¶ô‡ßç‡¶ó‡¶ø‡¶ï ‡¶™...
You may provide a definition with
\DeclareUnicodeCharacter 


/home/elisha/projects/latex-thesis/chapters/intro.tex:5: LaTeX Error: Unicode character ‡¶ó (U+0997)
               not set up for use with LaTeX.

See the LaTeX manual or LaTeX Companion for explanation.
Type  H <return>  for immediate help.
 ...                                              
                                                  
l.5 ‡¶Ü‡¶™‡¶®‡¶æ‡¶∞ ‡¶ó
                       ‡¶¨‡ßá‡¶∑‡¶£‡¶æ‡¶∞ ‡¶™‡ßç‡¶∞‡¶æ‡¶∏‡¶ô‡ßç‡¶ó‡¶ø‡¶ï ‡¶™...
You may provide a definition with
\DeclareUnicodeCharacter 


/home/elisha/projects/latex-thesis/chapters/intro.tex:5: LaTeX Error: Unicode character ‡¶¨ (U+09AC)
               not set up for use with LaTeX.

See the LaTeX manual or LaTeX Companion for explanation.
Type  H <return>  for immediate help.
 ...                                              
                                                  
l.5 ‡¶Ü‡¶™‡¶®‡¶æ‡¶∞ ‡¶ó‡¶¨
                          ‡ßá‡¶∑‡¶£‡¶æ‡¶∞ ‡¶™‡ßç‡¶∞‡¶æ‡¶∏‡¶ô‡ßç‡¶ó‡¶ø‡¶ï ‡¶™...
You may provide a definition with
\DeclareUnicodeCharacter 


/home/elisha/projects/latex-thesis/chapters/intro.tex:5: LaTeX Error: Unicode character ‡ßá (U+09C7)
               not set up for use with LaTeX.

See the LaTeX manual or LaTeX Companion for explanation.
Type  H <return>  for immediate help.
 ...                                              
                                                  
l.5 ‡¶Ü‡¶™‡¶®‡¶æ‡¶∞ ‡¶ó‡¶¨‡ßá
                             ‡¶∑‡¶£‡¶æ‡¶∞ ‡¶™‡ßç‡¶∞‡¶æ‡¶∏‡¶ô‡ßç‡¶ó‡¶ø‡¶ï ‡¶™...
You may provide a definition with
\DeclareUnicodeCharacter 


/home/elisha/projects/latex-thesis/chapters/intro.tex:5: LaTeX Error: Unicode character ‡¶∑ (U+09B7)
               not set up for use with LaTeX.

See the LaTeX manual or LaTeX Companion for explanation.
Type  H <return>  for immediate help.
 ...                                              
                                                  
l.5 ‡¶Ü‡¶™‡¶®‡¶æ‡¶∞ ‡¶ó‡¶¨‡ßá‡¶∑
                                ‡¶£‡¶æ‡¶∞ ‡¶™‡ßç‡¶∞‡¶æ‡¶∏‡¶ô‡ßç‡¶ó‡¶ø‡¶ï ‡¶™...
You may provide a definition with
\DeclareUnicodeCharacter 


/home/elisha/projects/latex-thesis/chapters/intro.tex:5: LaTeX Error: Unicode character ‡¶£ (U+09A3)
               not set up for use with LaTeX.

See the LaTeX manual or LaTeX Companion for explanation.
Type  H <return>  for immediate help.
 ...                                              
                                                  
l.5 ‡¶Ü‡¶™‡¶®‡¶æ‡¶∞ ‡¶ó‡¶¨‡ßá‡¶∑‡¶£
                                   ‡¶æ‡¶∞ ‡¶™‡ßç‡¶∞‡¶æ‡¶∏‡¶ô‡ßç‡¶ó‡¶ø‡¶ï ‡¶™...
You may provide a definition with
\DeclareUnicodeCharacter 


/home/elisha/projects/latex-thesis/chapters/intro.tex:5: LaTeX Error: Unicode character ‡¶æ (U+09BE)
               not set up for use with LaTeX.

See the LaTeX manual or LaTeX Companion for explanation.
Type  H <return>  for immediate help.
 ...                                              
                                                  
l.5 ‡¶Ü‡¶™‡¶®‡¶æ‡¶∞ ‡¶ó‡¶¨‡ßá‡¶∑‡¶£‡¶æ
                                      ‡¶∞ ‡¶™‡ßç‡¶∞‡¶æ‡¶∏‡¶ô‡ßç‡¶ó‡¶ø‡¶ï ‡¶™...
You may provide a definition with
\DeclareUnicodeCharacter 


/home/elisha/projects/latex-thesis/chapters/intro.tex:5: LaTeX Error: Unicode character ‡¶∞ (U+09B0)
               not set up for use with LaTeX.

See the LaTeX manual or LaTeX Companion for explanation.
Type  H <return>  for immediate help.
 ...                                              
                                                  
l.5 ‡¶Ü‡¶™‡¶®‡¶æ‡¶∞ ‡¶ó‡¶¨‡ßá‡¶∑‡¶£‡¶æ‡¶∞
                                          ‡¶™‡ßç‡¶∞‡¶æ‡¶∏‡¶ô‡ßç‡¶ó‡¶ø‡¶ï ‡¶™...
You may provide a definition with
\DeclareUnicodeCharacter 


/home/elisha/projects/latex-thesis/chapters/intro.tex:5: LaTeX Error: Unicode character ‡¶™ (U+09AA)
               not set up for use with LaTeX.

See the LaTeX manual or LaTeX Companion for explanation.
Type  H <return>  for immediate help.
 ...                                              
                                                  
l.5 ‡¶Ü‡¶™‡¶®‡¶æ‡¶∞ ‡¶ó‡¶¨‡ßá‡¶∑‡¶£‡¶æ‡¶∞ ‡¶™
                                             ‡ßç‡¶∞‡¶æ‡¶∏‡¶ô‡ßç‡¶ó‡¶ø‡¶ï ‡¶™...
You may provide a definition with
\DeclareUnicodeCharacter 


/home/elisha/projects/latex-thesis/chapters/intro.tex:5: LaTeX Error: Unicode character ‡ßç (U+09CD)
               not set up for use with LaTeX.

See the LaTeX manual or LaTeX Companion for explanation.
Type  H <return>  for immediate help.
 ...                                              
                                                  
l.5 ‡¶Ü‡¶™‡¶®‡¶æ‡¶∞ ‡¶ó‡¶¨‡ßá‡¶∑‡¶£‡¶æ‡¶∞ ‡¶™‡ßç
                                                ‡¶∞‡¶æ‡¶∏‡¶ô‡ßç‡¶ó‡¶ø‡¶ï ‡¶™...
You may provide a definition with
\DeclareUnicodeCharacter 


/home/elisha/projects/latex-thesis/chapters/intro.tex:5: LaTeX Error: Unicode character ‡¶∞ (U+09B0)
               not set up for use with LaTeX.

See the LaTeX manual or LaTeX Companion for explanation.
Type  H <return>  for immediate help.
 ...                                              
                                                  
l.5 ...¶™‡¶®‡¶æ‡¶∞ ‡¶ó‡¶¨‡ßá‡¶∑‡¶£‡¶æ‡¶∞ ‡¶™‡ßç‡¶∞
                                                  ‡¶æ‡¶∏‡¶ô‡ßç‡¶ó‡¶ø‡¶ï ‡¶™‡...
You may provide a definition with
\DeclareUnicodeCharacter 


/home/elisha/projects/latex-thesis/chapters/intro.tex:5: LaTeX Error: Unicode character ‡¶æ (U+09BE)
               not set up for use with LaTeX.

See the LaTeX manual or LaTeX Companion for explanation.
Type  H <return>  for immediate help.
 ...                                              
                                                  
l.5 ...¶®‡¶æ‡¶∞ ‡¶ó‡¶¨‡ßá‡¶∑‡¶£‡¶æ‡¶∞ ‡¶™‡ßç‡¶∞‡¶æ
                                                  ‡¶∏‡¶ô‡ßç‡¶ó‡¶ø‡¶ï ‡¶™‡¶ü‡...
You may provide a definition with
\DeclareUnicodeCharacter 


/home/elisha/projects/latex-thesis/chapters/intro.tex:5: LaTeX Error: Unicode character ‡¶∏ (U+09B8)
               not set up for use with LaTeX.

See the LaTeX manual or LaTeX Companion for explanation.
Type  H <return>  for immediate help.
 ...                                              
                                                  
l.5 ...¶æ‡¶∞ ‡¶ó‡¶¨‡ßá‡¶∑‡¶£‡¶æ‡¶∞ ‡¶™‡ßç‡¶∞‡¶æ‡¶∏
                                                  ‡¶ô‡ßç‡¶ó‡¶ø‡¶ï ‡¶™‡¶ü‡¶≠‡...
You may provide a definition with
\DeclareUnicodeCharacter 


/home/elisha/projects/latex-thesis/chapters/intro.tex:5: LaTeX Error: Unicode character ‡¶ô (U+0999)
               not set up for use with LaTeX.

See the LaTeX manual or LaTeX Companion for explanation.
Type  H <return>  for immediate help.
 ...                                              
                                                  
l.5 ...¶∞ ‡¶ó‡¶¨‡ßá‡¶∑‡¶£‡¶æ‡¶∞ ‡¶™‡ßç‡¶∞‡¶æ‡¶∏‡¶ô
                                                  ‡ßç‡¶ó‡¶ø‡¶ï ‡¶™‡¶ü‡¶≠‡ßÇ‡...
You may provide a definition with
\DeclareUnicodeCharacter 


/home/elisha/projects/latex-thesis/chapters/intro.tex:5: LaTeX Error: Unicode character ‡ßç (U+09CD)
               not set up for use with LaTeX.

See the LaTeX manual or LaTeX Companion for explanation.
Type  H <return>  for immediate help.
 ...                                              
                                                  
l.5 ...‡¶ó‡¶¨‡ßá‡¶∑‡¶£‡¶æ‡¶∞ ‡¶™‡ßç‡¶∞‡¶æ‡¶∏‡¶ô‡ßç
                                                  ‡¶ó‡¶ø‡¶ï ‡¶™‡¶ü‡¶≠‡ßÇ‡¶Æ‡...
You may provide a definition with
\DeclareUnicodeCharacter 


/home/elisha/projects/latex-thesis/chapters/intro.tex:5: LaTeX Error: Unicode character ‡¶ó (U+0997)
               not set up for use with LaTeX.

See the LaTeX manual or LaTeX Companion for explanation.
Type  H <return>  for immediate help.
 ...                                              
                                                  
l.5 ...‡¶¨‡ßá‡¶∑‡¶£‡¶æ‡¶∞ ‡¶™‡ßç‡¶∞‡¶æ‡¶∏‡¶ô‡ßç‡¶ó
                                                  ‡¶ø‡¶ï ‡¶™‡¶ü‡¶≠‡ßÇ‡¶Æ‡¶ø ...
You may provide a definition with
\DeclareUnicodeCharacter 


/home/elisha/projects/latex-thesis/chapters/intro.tex:5: LaTeX Error: Unicode character ‡¶ø (U+09BF)
               not set up for use with LaTeX.

See the LaTeX manual or LaTeX Companion for explanation.
Type  H <return>  for immediate help.
 ...                                              
                                                  
l.5 ...‡ßá‡¶∑‡¶£‡¶æ‡¶∞ ‡¶™‡ßç‡¶∞‡¶æ‡¶∏‡¶ô‡ßç‡¶ó‡¶ø
                                                  ‡¶ï ‡¶™‡¶ü‡¶≠‡ßÇ‡¶Æ‡¶ø ‡¶¶...
You may provide a definition with
\DeclareUnicodeCharacter 


/home/elisha/projects/latex-thesis/chapters/intro.tex:5: LaTeX Error: Unicode character ‡¶ï (U+0995)
               not set up for use with LaTeX.

See the LaTeX manual or LaTeX Companion for explanation.
Type  H <return>  for immediate help.
 ...                                              
                                                  
l.5 ...‡¶∑‡¶£‡¶æ‡¶∞ ‡¶™‡ßç‡¶∞‡¶æ‡¶∏‡¶ô‡ßç‡¶ó‡¶ø‡¶ï
                                                   ‡¶™‡¶ü‡¶≠‡ßÇ‡¶Æ‡¶ø ‡¶¶‡¶ø...
You may provide a definition with
\DeclareUnicodeCharacter 


/home/elisha/projects/latex-thesis/chapters/intro.tex:5: LaTeX Error: Unicode character ‡¶™ (U+09AA)
               not set up for use with LaTeX.

See the LaTeX manual or LaTeX Companion for explanation.
Type  H <return>  for immediate help.
 ...                                              
                                                  
l.5 ...¶£‡¶æ‡¶∞ ‡¶™‡ßç‡¶∞‡¶æ‡¶∏‡¶ô‡ßç‡¶ó‡¶ø‡¶ï ‡¶™
                                                  ‡¶ü‡¶≠‡ßÇ‡¶Æ‡¶ø ‡¶¶‡¶ø‡¶®‡•§
You may provide a definition with
\DeclareUnicodeCharacter 


/home/elisha/projects/latex-thesis/chapters/intro.tex:5: LaTeX Error: Unicode character ‡¶ü (U+099F)
               not set up for use with LaTeX.

See the LaTeX manual or LaTeX Companion for explanation.
Type  H <return>  for immediate help.
 ...                                              
                                                  
l.5 ...¶æ‡¶∞ ‡¶™‡ßç‡¶∞‡¶æ‡¶∏‡¶ô‡ßç‡¶ó‡¶ø‡¶ï ‡¶™‡¶ü
                                                  ‡¶≠‡ßÇ‡¶Æ‡¶ø ‡¶¶‡¶ø‡¶®‡•§
You may provide a definition with
\DeclareUnicodeCharacter 


/home/elisha/projects/latex-thesis/chapters/intro.tex:5: LaTeX Error: Unicode character ‡¶≠ (U+09AD)
               not set up for use with LaTeX.

See the LaTeX manual or LaTeX Companion for explanation.
Type  H <return>  for immediate help.
 ...                                              
                                                  
l.5 ...¶∞ ‡¶™‡ßç‡¶∞‡¶æ‡¶∏‡¶ô‡ßç‡¶ó‡¶ø‡¶ï ‡¶™‡¶ü‡¶≠
                                                  ‡ßÇ‡¶Æ‡¶ø ‡¶¶‡¶ø‡¶®‡•§
You may provide a definition with
\DeclareUnicodeCharacter 


/home/elisha/projects/latex-thesis/chapters/intro.tex:5: LaTeX Error: Unicode character ‡ßÇ (U+09C2)
               not set up for use with LaTeX.

See the LaTeX manual or LaTeX Companion for explanation.
Type  H <return>  for immediate help.
 ...                                              
                                                  
l.5 ...‡¶™‡ßç‡¶∞‡¶æ‡¶∏‡¶ô‡ßç‡¶ó‡¶ø‡¶ï ‡¶™‡¶ü‡¶≠‡ßÇ
                                                  ‡¶Æ‡¶ø ‡¶¶‡¶ø‡¶®‡•§
You may provide a definition with
\DeclareUnicodeCharacter 


/home/elisha/projects/latex-thesis/chapters/intro.tex:5: LaTeX Error: Unicode character ‡¶Æ (U+09AE)
               not set up for use with LaTeX.

See the LaTeX manual or LaTeX Companion for explanation.
Type  H <return>  for immediate help.
 ...                                              
                                                  
l.5 ...‡ßç‡¶∞‡¶æ‡¶∏‡¶ô‡ßç‡¶ó‡¶ø‡¶ï ‡¶™‡¶ü‡¶≠‡ßÇ‡¶Æ
                                                  ‡¶ø ‡¶¶‡¶ø‡¶®‡•§
You may provide a definition with
\DeclareUnicodeCharacter 


/home/elisha/projects/latex-thesis/chapters/intro.tex:5: LaTeX Error: Unicode character ‡¶ø (U+09BF)
               not set up for use with LaTeX.

See the LaTeX manual or LaTeX Companion for explanation.
Type  H <return>  for immediate help.
 ...                                              
                                                  
l.5 ...‡¶∞‡¶æ‡¶∏‡¶ô‡ßç‡¶ó‡¶ø‡¶ï ‡¶™‡¶ü‡¶≠‡ßÇ‡¶Æ‡¶ø
                                                   ‡¶¶‡¶ø‡¶®‡•§
You may provide a definition with
\DeclareUnicodeCharacter 


/home/elisha/projects/latex-thesis/chapters/intro.tex:5: LaTeX Error: Unicode character ‡¶¶ (U+09A6)
               not set up for use with LaTeX.

See the LaTeX manual or LaTeX Companion for explanation.
Type  H <return>  for immediate help.
 ...                                              
                                                  
l.5 ...¶æ‡¶∏‡¶ô‡ßç‡¶ó‡¶ø‡¶ï ‡¶™‡¶ü‡¶≠‡ßÇ‡¶Æ‡¶ø ‡¶¶
                                                  ‡¶ø‡¶®‡•§
You may provide a definition with
\DeclareUnicodeCharacter 


/home/elisha/projects/latex-thesis/chapters/intro.tex:5: LaTeX Error: Unicode character ‡¶ø (U+09BF)
               not set up for use with LaTeX.

See the LaTeX manual or LaTeX Companion for explanation.
Type  H <return>  for immediate help.
 ...                                              
                                                  
l.5 ...¶∏‡¶ô‡ßç‡¶ó‡¶ø‡¶ï ‡¶™‡¶ü‡¶≠‡ßÇ‡¶Æ‡¶ø ‡¶¶‡¶ø
                                                  ‡¶®‡•§
You may provide a definition with
\DeclareUnicodeCharacter 


/home/elisha/projects/latex-thesis/chapters/intro.tex:5: LaTeX Error: Unicode character ‡¶® (U+09A8)
               not set up for use with LaTeX.

See the LaTeX manual or LaTeX Companion for explanation.
Type  H <return>  for immediate help.
 ...                                              
                                                  
l.5 ...¶ô‡ßç‡¶ó‡¶ø‡¶ï ‡¶™‡¶ü‡¶≠‡ßÇ‡¶Æ‡¶ø ‡¶¶‡¶ø‡¶®
                                                  ‡•§
You may provide a definition with
\DeclareUnicodeCharacter 


/home/elisha/projects/latex-thesis/chapters/intro.tex:5: LaTeX Error: Unicode character ‡•§ (U+0964)
               not set up for use with LaTeX.

See the LaTeX manual or LaTeX Companion for explanation.
Type  H <return>  for immediate help.
 ...                                              
                                                  
l.5 ...ßç‡¶ó‡¶ø‡¶ï ‡¶™‡¶ü‡¶≠‡ßÇ‡¶Æ‡¶ø ‡¶¶‡¶ø‡¶®‡•§
                                                  
You may provide a definition with
\DeclareUnicodeCharacter 

)
! Emergency stop.
<*> ...ha/projects/latex-thesis/chapters/intro.tex
                                                  
*** (job aborted, no legal \end found)

 
Here is how much of TeX's memory you used:
 40 strings out of 475171
 635 string characters out of 5767095
 386848 words of memory out of 5000000
 23136 multiletter control sequences out of 15000+600000
 558837 words of font info for 36 fonts, out of 8000000 for 9000
 14 hyphenation exceptions out of 8191
 15i,0n,20p,163b,18s stack positions out of 10000i,1000n,20000p,200000b,200000s
!  ==> Fatal error occurred, no output PDF file produced!
